<?xml version="1.0" encoding="UTF-8"?>
<!-- Generated by org.testng.reporters.JUnitReportReporter -->
<testsuite hostname="Nidhis-MacBook-Pro.local" failures="0" tests="2" name="AnnotationEx.AnnotationDemo1" time="0.007" errors="0" timestamp="2024-04-26T23:55:08 MST" skipped="0">
  <testcase classname="AnnotationEx.AnnotationDemo1" name="AdvanceSearch" time="0.005"/>
  <testcase classname="AnnotationEx.AnnotationDemo1" name="Search" time="0.002"/>
</testsuite> <!-- AnnotationEx.AnnotationDemo1 -->
