<?xml version="1.0" encoding="UTF-8"?>
<!-- Generated by org.testng.reporters.JUnitReportReporter -->
<testsuite hostname="Nidhis-MacBook-Pro.local" failures="0" tests="3" name="TestNgEx.FirstTest" time="20.590" errors="0" timestamp="2024-04-26T23:23:15 MST" skipped="0">
  <testcase classname="TestNgEx.FirstTest" name="openApp" time="12.695"/>
  <testcase classname="TestNgEx.FirstTest" name="login" time="7.742"/>
  <testcase classname="TestNgEx.FirstTest" name="close" time="0.153"/>
</testsuite> <!-- TestNgEx.FirstTest -->
