<?xml version="1.0" encoding="UTF-8"?>
<!-- Generated by org.testng.reporters.JUnitReportReporter -->
<testsuite hostname="Nidhis-MacBook-Pro.local" failures="0" tests="1" name="TestNgEx.SecondTest" time="0.002" errors="0" timestamp="2024-04-26T23:23:15 MST" skipped="0">
  <testcase classname="TestNgEx.SecondTest" name="test" time="0.002"/>
</testsuite> <!-- TestNgEx.SecondTest -->
